<?xml version="1.0" encoding="UTF-8"?>
<!-- Generated by org.testng.reporters.JUnitReportReporter -->
<testsuite hostname="IN-33XW0F3" failures="0" tests="1" name="Assessment3.assessment3" time="15.792" errors="0" timestamp="2023-11-18T21:29:20 IST" skipped="0">
  <testcase classname="Assessment3.assessment3" name="getFoodNames" time="15.792"/>
  <system-out/>
</testsuite> <!-- Assessment3.assessment3 -->
